<?xml version="1.0" encoding="UTF-8"?>
<!-- Generated by org.testng.reporters.JUnitXMLReporter -->
<testsuite ignored="1" hostname="HP" failures="0" tests="1" name="NegativeUsernameTests" time="13.05" errors="0" timestamp="2020-09-14T09:49:02 PET">
  <testcase classname="com.herokuapp.theinternet.LoginTests" name="negativeLoginTest" time="13.043"/>
  <testcase classname="com.herokuapp.theinternet.LoginTests" name="positiveLoginTest" time="0.0">
    <ignored/>
  </testcase> <!-- positiveLoginTest -->
</testsuite> <!-- NegativeUsernameTests -->
