<?xml version="1.0" encoding="UTF-8"?>
<!-- Generated by org.testng.reporters.JUnitXMLReporter -->
<testsuite ignored="1" hostname="HP" failures="0" tests="1" name="NegativePasswordTests" time="12.703" errors="0" timestamp="2020-09-14T09:49:15 PET">
  <testcase classname="com.herokuapp.theinternet.LoginTests" name="negativeLoginTest" time="12.697"/>
  <testcase classname="com.herokuapp.theinternet.LoginTests" name="positiveLoginTest" time="0.0">
    <ignored/>
  </testcase> <!-- positiveLoginTest -->
</testsuite> <!-- NegativePasswordTests -->
