<?xml version="1.0" encoding="UTF-8"?>
<!-- Generated by org.testng.reporters.JUnitXMLReporter -->
<testsuite ignored="1" hostname="HP" failures="0" tests="1" name="PositiveTests" time="16.407" errors="0" timestamp="2020-09-14T09:48:49 PET">
  <testcase classname="com.herokuapp.theinternet.LoginTests" name="positiveLoginTest" time="16.361"/>
  <testcase classname="com.herokuapp.theinternet.LoginTests" name="negativeLoginTest" time="0.0">
    <ignored/>
  </testcase> <!-- negativeLoginTest -->
</testsuite> <!-- PositiveTests -->
