<?xml version="1.0" encoding="UTF-8"?>
<testng-results ignored="0" total="3" passed="3" failed="0" skipped="0">
  <reporter-output>
  </reporter-output>
  <suite started-at="2020-09-10T10:51:34 PET" name="AllTests" finished-at="2020-09-10T10:52:19 PET" duration-ms="45533">
    <groups>
    </groups>
    <test started-at="2020-09-10T10:51:34 PET" name="PositiveTests" finished-at="2020-09-10T10:51:50 PET" duration-ms="16771">
      <class name="com.herokuapp.theinternet.PositiveTests">
        <test-method signature="loginTest()[pri:0, instance:com.herokuapp.theinternet.PositiveTests@5b0abc94]" started-at="2020-09-10T10:51:34 PET" name="loginTest" finished-at="2020-09-10T10:51:50 PET" duration-ms="16743" status="PASS">
          <reporter-output>
          </reporter-output>
        </test-method> <!-- loginTest -->
      </class> <!-- com.herokuapp.theinternet.PositiveTests -->
    </test> <!-- PositiveTests -->
    <test started-at="2020-09-10T10:51:50 PET" name="NegativeTests" finished-at="2020-09-10T10:52:19 PET" duration-ms="28730">
      <class name="com.herokuapp.theinternet.NegativeTests">
        <test-method signature="incorrectPasswordTest()[pri:0, instance:com.herokuapp.theinternet.NegativeTests@6f3b5d16]" started-at="2020-09-10T10:51:50 PET" name="incorrectPasswordTest" finished-at="2020-09-10T10:52:04 PET" duration-ms="14096" status="PASS">
          <reporter-output>
          </reporter-output>
        </test-method> <!-- incorrectPasswordTest -->
        <test-method signature="incorrectUsernameTest()[pri:0, instance:com.herokuapp.theinternet.NegativeTests@6f3b5d16]" started-at="2020-09-10T10:52:04 PET" name="incorrectUsernameTest" finished-at="2020-09-10T10:52:19 PET" duration-ms="14632" status="PASS">
          <reporter-output>
          </reporter-output>
        </test-method> <!-- incorrectUsernameTest -->
      </class> <!-- com.herokuapp.theinternet.NegativeTests -->
    </test> <!-- NegativeTests -->
  </suite> <!-- AllTests -->
</testng-results>
